<?xml version="1.0" encoding="UTF-8"?>
<coverage generated="1643331159743" clover="3.2.0">
  <project timestamp="1643331159743" name="All files">
    <metrics statements="29" coveredstatements="29" conditionals="6" coveredconditionals="6" methods="5" coveredmethods="5" elements="40" coveredelements="40" complexity="0" loc="29" ncloc="29" packages="1" files="1" classes="1"/>
    <file name="index.js" path="D:\MyProjects\collection_updater\index.js">
      <metrics statements="29" coveredstatements="29" conditionals="6" coveredconditionals="6" methods="5" coveredmethods="5"/>
      <line num="3" count="15" type="stmt"/>
      <line num="4" count="15" type="stmt"/>
      <line num="5" count="15" type="stmt"/>
      <line num="6" count="15" type="stmt"/>
      <line num="10" count="15" type="stmt"/>
      <line num="17" count="11" type="stmt"/>
      <line num="18" count="11" type="stmt"/>
      <line num="19" count="11" type="stmt"/>
      <line num="23" count="11" type="stmt"/>
      <line num="24" count="11" type="stmt"/>
      <line num="26" count="10" type="stmt"/>
      <line num="28" count="40" type="stmt"/>
      <line num="29" count="40" type="stmt"/>
      <line num="30" count="40" type="stmt"/>
      <line num="32" count="40" type="stmt"/>
      <line num="35" count="40" type="stmt"/>
      <line num="38" count="10" type="cond" truecount="2" falsecount="0"/>
      <line num="39" count="10" type="stmt"/>
      <line num="40" count="10" type="stmt"/>
      <line num="42" count="3" type="cond" truecount="2" falsecount="0"/>
      <line num="43" count="1" type="stmt"/>
      <line num="44" count="1" type="stmt"/>
      <line num="50" count="40" type="stmt"/>
      <line num="54" count="40" type="stmt"/>
      <line num="55" count="40" type="stmt"/>
      <line num="56" count="40" type="stmt"/>
      <line num="57" count="40" type="cond" truecount="2" falsecount="0"/>
      <line num="59" count="40" type="stmt"/>
      <line num="62" count="11" type="stmt"/>
    </file>
  </project>
</coverage>
