{"D:\\MyProjects\\collection_updater\\index.js": {"path":"D:\\MyProjects\\collection_updater\\index.js","statementMap":{"0":{"start":{"line":3,"column":14},"end":{"line":3,"column":30}},"1":{"start":{"line":4,"column":9},"end":{"line":4,"column":28}},"2":{"start":{"line":5,"column":10},"end":{"line":5,"column":39}},"3":{"start":{"line":6,"column":15},"end":{"line":9,"column":5}},"4":{"start":{"line":10,"column":14},"end":{"line":16,"column":13}},"5":{"start":{"line":17,"column":11},"end":{"line":17,"column":26}},"6":{"start":{"line":18,"column":21},"end":{"line":18,"column":61}},"7":{"start":{"line":19,"column":20},"end":{"line":19,"column":73}},"8":{"start":{"line":23,"column":4},"end":{"line":45,"column":5}},"9":{"start":{"line":24,"column":8},"end":{"line":24,"column":111}},"10":{"start":{"line":26,"column":8},"end":{"line":36,"column":10}},"11":{"start":{"line":28,"column":29},"end":{"line":28,"column":68}},"12":{"start":{"line":29,"column":12},"end":{"line":29,"column":53}},"13":{"start":{"line":30,"column":30},"end":{"line":30,"column":64}},"14":{"start":{"line":32,"column":27},"end":{"line":32,"column":100}},"15":{"start":{"line":35,"column":12},"end":{"line":35,"column":61}},"16":{"start":{"line":38,"column":29},"end":{"line":38,"column":140}},"17":{"start":{"line":39,"column":8},"end":{"line":39,"column":91}},"18":{"start":{"line":40,"column":8},"end":{"line":40,"column":53}},"19":{"start":{"line":42,"column":8},"end":{"line":42,"column":48}},"20":{"start":{"line":42,"column":34},"end":{"line":42,"column":48}},"21":{"start":{"line":43,"column":8},"end":{"line":43,"column":32}},"22":{"start":{"line":44,"column":8},"end":{"line":44,"column":22}},"23":{"start":{"line":50,"column":4},"end":{"line":50,"column":64}},"24":{"start":{"line":54,"column":4},"end":{"line":54,"column":42}},"25":{"start":{"line":55,"column":26},"end":{"line":55,"column":60}},"26":{"start":{"line":56,"column":4},"end":{"line":58,"column":6}},"27":{"start":{"line":57,"column":8},"end":{"line":57,"column":84}},"28":{"start":{"line":57,"column":61},"end":{"line":57,"column":84}},"29":{"start":{"line":59,"column":4},"end":{"line":59,"column":59}},"30":{"start":{"line":62,"column":0},"end":{"line":62,"column":31}}},"fnMap":{"0":{"name":"startConvert","decl":{"start":{"line":22,"column":9},"end":{"line":22,"column":21}},"loc":{"start":{"line":22,"column":24},"end":{"line":46,"column":1}},"line":22},"1":{"name":"(anonymous_1)","decl":{"start":{"line":26,"column":37},"end":{"line":26,"column":38}},"loc":{"start":{"line":26,"column":54},"end":{"line":36,"column":9}},"line":26},"2":{"name":"urlReplacer","decl":{"start":{"line":49,"column":9},"end":{"line":49,"column":20}},"loc":{"start":{"line":49,"column":65},"end":{"line":51,"column":1}},"line":49},"3":{"name":"updateCollection","decl":{"start":{"line":53,"column":9},"end":{"line":53,"column":25}},"loc":{"start":{"line":53,"column":58},"end":{"line":60,"column":1}},"line":53},"4":{"name":"(anonymous_4)","decl":{"start":{"line":56,"column":22},"end":{"line":56,"column":23}},"loc":{"start":{"line":56,"column":47},"end":{"line":58,"column":5}},"line":56}},"branchMap":{"0":{"loc":{"start":{"line":38,"column":42},"end":{"line":38,"column":139}},"type":"cond-expr","locations":[{"start":{"line":38,"column":81},"end":{"line":38,"column":121}},{"start":{"line":38,"column":124},"end":{"line":38,"column":139}}],"line":38},"1":{"loc":{"start":{"line":42,"column":8},"end":{"line":42,"column":48}},"type":"if","locations":[{"start":{"line":42,"column":8},"end":{"line":42,"column":48}},{"start":{},"end":{}}],"line":42},"2":{"loc":{"start":{"line":57,"column":8},"end":{"line":57,"column":84}},"type":"if","locations":[{"start":{"line":57,"column":8},"end":{"line":57,"column":84}},{"start":{},"end":{}}],"line":57}},"s":{"0":15,"1":15,"2":15,"3":15,"4":15,"5":11,"6":11,"7":11,"8":11,"9":11,"10":10,"11":40,"12":40,"13":40,"14":40,"15":40,"16":10,"17":10,"18":10,"19":3,"20":2,"21":1,"22":1,"23":40,"24":40,"25":40,"26":40,"27":40,"28":2,"29":40,"30":11},"f":{"0":11,"1":40,"2":40,"3":40,"4":40},"b":{"0":[1,9],"1":[2,1],"2":[2,38]},"_coverageSchema":"1a1c01bbd47fc00a2c39e90264f33305004495a9","hash":"757b490454f7e82f52b0dad6469dd1ef0db94aea"}
}
