{"D:\\MyProjects\\collection_updater\\postman_collection_url_updater\\src\\indexAggregator.js": {"path":"D:\\MyProjects\\collection_updater\\postman_collection_url_updater\\src\\indexAggregator.js","statementMap":{"0":{"start":{"line":3,"column":14},"end":{"line":3,"column":30}},"1":{"start":{"line":4,"column":9},"end":{"line":4,"column":28}},"2":{"start":{"line":5,"column":10},"end":{"line":5,"column":39}},"3":{"start":{"line":6,"column":15},"end":{"line":6,"column":34}},"4":{"start":{"line":7,"column":11},"end":{"line":7,"column":26}},"5":{"start":{"line":8,"column":12},"end":{"line":8,"column":28}},"6":{"start":{"line":9,"column":15},"end":{"line":12,"column":5}},"7":{"start":{"line":13,"column":38},"end":{"line":13,"column":109}},"8":{"start":{"line":15,"column":14},"end":{"line":28,"column":6}},"9":{"start":{"line":31,"column":4},"end":{"line":31,"column":22}},"10":{"start":{"line":32,"column":4},"end":{"line":32,"column":83}},"11":{"start":{"line":34,"column":4},"end":{"line":55,"column":5}},"12":{"start":{"line":35,"column":30},"end":{"line":35,"column":170}},"13":{"start":{"line":35,"column":121},"end":{"line":35,"column":143}},"14":{"start":{"line":37,"column":8},"end":{"line":42,"column":10}},"15":{"start":{"line":38,"column":12},"end":{"line":41,"column":15}},"16":{"start":{"line":44,"column":8},"end":{"line":44,"column":146}},"17":{"start":{"line":45,"column":8},"end":{"line":45,"column":94}},"18":{"start":{"line":46,"column":8},"end":{"line":46,"column":89}},"19":{"start":{"line":48,"column":8},"end":{"line":50,"column":69}},"20":{"start":{"line":50,"column":61},"end":{"line":50,"column":69}},"21":{"start":{"line":52,"column":8},"end":{"line":53,"column":27}},"22":{"start":{"line":54,"column":8},"end":{"line":54,"column":22}},"23":{"start":{"line":59,"column":4},"end":{"line":63,"column":7}},"24":{"start":{"line":60,"column":8},"end":{"line":61,"column":38}},"25":{"start":{"line":60,"column":44},"end":{"line":61,"column":38}},"26":{"start":{"line":62,"column":8},"end":{"line":62,"column":19}},"27":{"start":{"line":65,"column":4},"end":{"line":65,"column":160}},"28":{"start":{"line":65,"column":63},"end":{"line":65,"column":160}},"29":{"start":{"line":66,"column":4},"end":{"line":66,"column":101}},"30":{"start":{"line":69,"column":0},"end":{"line":69,"column":54}}},"fnMap":{"0":{"name":"startConvert","decl":{"start":{"line":30,"column":15},"end":{"line":30,"column":27}},"loc":{"start":{"line":30,"column":30},"end":{"line":56,"column":1}},"line":30},"1":{"name":"(anonymous_1)","decl":{"start":{"line":35,"column":113},"end":{"line":35,"column":114}},"loc":{"start":{"line":35,"column":121},"end":{"line":35,"column":143}},"line":35},"2":{"name":"(anonymous_2)","decl":{"start":{"line":37,"column":28},"end":{"line":37,"column":29}},"loc":{"start":{"line":37,"column":40},"end":{"line":42,"column":9}},"line":37},"3":{"name":"setOptions","decl":{"start":{"line":58,"column":15},"end":{"line":58,"column":25}},"loc":{"start":{"line":58,"column":28},"end":{"line":67,"column":1}},"line":58},"4":{"name":"(anonymous_4)","decl":{"start":{"line":59,"column":18},"end":{"line":59,"column":19}},"loc":{"start":{"line":59,"column":28},"end":{"line":63,"column":5}},"line":59}},"branchMap":{"0":{"loc":{"start":{"line":35,"column":30},"end":{"line":35,"column":170}},"type":"cond-expr","locations":[{"start":{"line":35,"column":61},"end":{"line":35,"column":144}},{"start":{"line":35,"column":147},"end":{"line":35,"column":170}}],"line":35},"1":{"loc":{"start":{"line":38,"column":84},"end":{"line":40,"column":24}},"type":"cond-expr","locations":[{"start":{"line":39,"column":16},"end":{"line":39,"column":61}},{"start":{"line":40,"column":16},"end":{"line":40,"column":24}}],"line":38},"2":{"loc":{"start":{"line":44,"column":39},"end":{"line":44,"column":144}},"type":"cond-expr","locations":[{"start":{"line":44,"column":78},"end":{"line":44,"column":126}},{"start":{"line":44,"column":129},"end":{"line":44,"column":144}}],"line":44},"3":{"loc":{"start":{"line":48,"column":8},"end":{"line":50,"column":69}},"type":"if","locations":[{"start":{"line":48,"column":8},"end":{"line":50,"column":69}},{"start":{},"end":{}}],"line":48},"4":{"loc":{"start":{"line":48,"column":12},"end":{"line":50,"column":59}},"type":"binary-expr","locations":[{"start":{"line":48,"column":12},"end":{"line":48,"column":58}},{"start":{"line":50,"column":12},"end":{"line":50,"column":59}}],"line":48},"5":{"loc":{"start":{"line":48,"column":14},"end":{"line":48,"column":57}},"type":"binary-expr","locations":[{"start":{"line":48,"column":14},"end":{"line":48,"column":33}},{"start":{"line":48,"column":37},"end":{"line":48,"column":57}}],"line":48},"6":{"loc":{"start":{"line":50,"column":14},"end":{"line":50,"column":58}},"type":"binary-expr","locations":[{"start":{"line":50,"column":14},"end":{"line":50,"column":21}},{"start":{"line":50,"column":25},"end":{"line":50,"column":58}}],"line":50},"7":{"loc":{"start":{"line":52,"column":32},"end":{"line":53,"column":25}},"type":"cond-expr","locations":[{"start":{"line":52,"column":81},"end":{"line":52,"column":168}},{"start":{"line":53,"column":15},"end":{"line":53,"column":24}}],"line":52},"8":{"loc":{"start":{"line":52,"column":33},"end":{"line":52,"column":77}},"type":"binary-expr","locations":[{"start":{"line":52,"column":33},"end":{"line":52,"column":40}},{"start":{"line":52,"column":44},"end":{"line":52,"column":77}}],"line":52},"9":{"loc":{"start":{"line":60,"column":8},"end":{"line":61,"column":38}},"type":"if","locations":[{"start":{"line":60,"column":8},"end":{"line":61,"column":38}},{"start":{},"end":{}}],"line":60},"10":{"loc":{"start":{"line":60,"column":12},"end":{"line":60,"column":42}},"type":"binary-expr","locations":[{"start":{"line":60,"column":12},"end":{"line":60,"column":31}},{"start":{"line":60,"column":35},"end":{"line":60,"column":42}}],"line":60},"11":{"loc":{"start":{"line":60,"column":14},"end":{"line":60,"column":30}},"type":"binary-expr","locations":[{"start":{"line":60,"column":14},"end":{"line":60,"column":20}},{"start":{"line":60,"column":24},"end":{"line":60,"column":30}}],"line":60},"12":{"loc":{"start":{"line":65,"column":4},"end":{"line":65,"column":160}},"type":"if","locations":[{"start":{"line":65,"column":4},"end":{"line":65,"column":160}},{"start":{},"end":{}}],"line":65},"13":{"loc":{"start":{"line":65,"column":8},"end":{"line":65,"column":61}},"type":"binary-expr","locations":[{"start":{"line":65,"column":9},"end":{"line":65,"column":23}},{"start":{"line":65,"column":27},"end":{"line":65,"column":41}},{"start":{"line":65,"column":46},"end":{"line":65,"column":61}}],"line":65},"14":{"loc":{"start":{"line":66,"column":14},"end":{"line":66,"column":100}},"type":"cond-expr","locations":[{"start":{"line":66,"column":31},"end":{"line":66,"column":85}},{"start":{"line":66,"column":88},"end":{"line":66,"column":100}}],"line":66}},"s":{"0":19,"1":19,"2":19,"3":19,"4":19,"5":19,"6":19,"7":19,"8":19,"9":19,"10":16,"11":16,"12":16,"13":17,"14":13,"15":23,"16":12,"17":12,"18":12,"19":5,"20":1,"21":4,"22":4,"23":19,"24":59,"25":3,"26":56,"27":19,"28":1,"29":16,"30":19},"f":{"0":19,"1":17,"2":23,"3":19,"4":59},"b":{"0":[10,6],"1":[12,11],"2":[5,7],"3":[1,4],"4":[5,2],"5":[5,3],"6":[2,2],"7":[1,3],"8":[4,4],"9":[3,56],"10":[59,3],"11":[59,27],"12":[1,15],"13":[19,8,2],"14":[2,14]},"_coverageSchema":"1a1c01bbd47fc00a2c39e90264f33305004495a9","hash":"219389a4eaaa9467493eb1fe69ae48c1f3b70ee1"}
,"D:\\MyProjects\\collection_updater\\postman_collection_url_updater\\src\\indexUrlReplacer.js": {"path":"D:\\MyProjects\\collection_updater\\postman_collection_url_updater\\src\\indexUrlReplacer.js","statementMap":{"0":{"start":{"line":3,"column":14},"end":{"line":3,"column":30}},"1":{"start":{"line":4,"column":9},"end":{"line":4,"column":28}},"2":{"start":{"line":5,"column":10},"end":{"line":5,"column":39}},"3":{"start":{"line":6,"column":15},"end":{"line":6,"column":34}},"4":{"start":{"line":7,"column":11},"end":{"line":7,"column":26}},"5":{"start":{"line":8,"column":12},"end":{"line":8,"column":28}},"6":{"start":{"line":9,"column":15},"end":{"line":13,"column":5}},"7":{"start":{"line":14,"column":29},"end":{"line":14,"column":91}},"8":{"start":{"line":16,"column":14},"end":{"line":25,"column":176}},"9":{"start":{"line":27,"column":0},"end":{"line":29,"column":1}},"10":{"start":{"line":28,"column":4},"end":{"line":28,"column":41}},"11":{"start":{"line":33,"column":4},"end":{"line":33,"column":92}},"12":{"start":{"line":35,"column":27},"end":{"line":35,"column":67}},"13":{"start":{"line":36,"column":24},"end":{"line":36,"column":77}},"14":{"start":{"line":37,"column":26},"end":{"line":37,"column":137}},"15":{"start":{"line":38,"column":4},"end":{"line":62,"column":5}},"16":{"start":{"line":39,"column":8},"end":{"line":39,"column":111}},"17":{"start":{"line":41,"column":8},"end":{"line":51,"column":10}},"18":{"start":{"line":43,"column":29},"end":{"line":43,"column":68}},"19":{"start":{"line":44,"column":12},"end":{"line":44,"column":53}},"20":{"start":{"line":45,"column":30},"end":{"line":45,"column":64}},"21":{"start":{"line":47,"column":27},"end":{"line":47,"column":127}},"22":{"start":{"line":50,"column":12},"end":{"line":50,"column":61}},"23":{"start":{"line":52,"column":8},"end":{"line":52,"column":94}},"24":{"start":{"line":53,"column":8},"end":{"line":53,"column":89}},"25":{"start":{"line":55,"column":8},"end":{"line":57,"column":76}},"26":{"start":{"line":57,"column":61},"end":{"line":57,"column":76}},"27":{"start":{"line":59,"column":8},"end":{"line":60,"column":24}},"28":{"start":{"line":61,"column":8},"end":{"line":61,"column":22}},"29":{"start":{"line":66,"column":4},"end":{"line":67,"column":25}},"30":{"start":{"line":71,"column":4},"end":{"line":71,"column":42}},"31":{"start":{"line":72,"column":26},"end":{"line":72,"column":60}},"32":{"start":{"line":73,"column":4},"end":{"line":75,"column":6}},"33":{"start":{"line":74,"column":8},"end":{"line":74,"column":84}},"34":{"start":{"line":74,"column":61},"end":{"line":74,"column":84}},"35":{"start":{"line":76,"column":4},"end":{"line":76,"column":59}},"36":{"start":{"line":79,"column":0},"end":{"line":79,"column":54}}},"fnMap":{"0":{"name":"startConvert","decl":{"start":{"line":31,"column":15},"end":{"line":31,"column":27}},"loc":{"start":{"line":31,"column":30},"end":{"line":63,"column":1}},"line":31},"1":{"name":"(anonymous_1)","decl":{"start":{"line":41,"column":37},"end":{"line":41,"column":38}},"loc":{"start":{"line":41,"column":54},"end":{"line":51,"column":9}},"line":41},"2":{"name":"urlReplacer","decl":{"start":{"line":65,"column":9},"end":{"line":65,"column":20}},"loc":{"start":{"line":65,"column":77},"end":{"line":68,"column":1}},"line":65},"3":{"name":"updateCollection","decl":{"start":{"line":70,"column":9},"end":{"line":70,"column":25}},"loc":{"start":{"line":70,"column":58},"end":{"line":77,"column":1}},"line":70},"4":{"name":"(anonymous_4)","decl":{"start":{"line":73,"column":22},"end":{"line":73,"column":23}},"loc":{"start":{"line":73,"column":47},"end":{"line":75,"column":5}},"line":73}},"branchMap":{"0":{"loc":{"start":{"line":27,"column":0},"end":{"line":29,"column":1}},"type":"if","locations":[{"start":{"line":27,"column":0},"end":{"line":29,"column":1}},{"start":{},"end":{}}],"line":27},"1":{"loc":{"start":{"line":33,"column":14},"end":{"line":33,"column":91}},"type":"cond-expr","locations":[{"start":{"line":33,"column":31},"end":{"line":33,"column":76}},{"start":{"line":33,"column":79},"end":{"line":33,"column":91}}],"line":33},"2":{"loc":{"start":{"line":37,"column":39},"end":{"line":37,"column":136}},"type":"cond-expr","locations":[{"start":{"line":37,"column":78},"end":{"line":37,"column":118}},{"start":{"line":37,"column":121},"end":{"line":37,"column":136}}],"line":37},"3":{"loc":{"start":{"line":55,"column":8},"end":{"line":57,"column":76}},"type":"if","locations":[{"start":{"line":55,"column":8},"end":{"line":57,"column":76}},{"start":{},"end":{}}],"line":55},"4":{"loc":{"start":{"line":55,"column":12},"end":{"line":57,"column":59}},"type":"binary-expr","locations":[{"start":{"line":55,"column":12},"end":{"line":55,"column":34}},{"start":{"line":57,"column":12},"end":{"line":57,"column":59}}],"line":55},"5":{"loc":{"start":{"line":57,"column":14},"end":{"line":57,"column":58}},"type":"binary-expr","locations":[{"start":{"line":57,"column":14},"end":{"line":57,"column":21}},{"start":{"line":57,"column":25},"end":{"line":57,"column":58}}],"line":57},"6":{"loc":{"start":{"line":59,"column":32},"end":{"line":60,"column":22}},"type":"cond-expr","locations":[{"start":{"line":59,"column":81},"end":{"line":59,"column":168}},{"start":{"line":60,"column":12},"end":{"line":60,"column":21}}],"line":59},"7":{"loc":{"start":{"line":59,"column":33},"end":{"line":59,"column":77}},"type":"binary-expr","locations":[{"start":{"line":59,"column":33},"end":{"line":59,"column":40}},{"start":{"line":59,"column":44},"end":{"line":59,"column":77}}],"line":59},"8":{"loc":{"start":{"line":66,"column":33},"end":{"line":66,"column":90}},"type":"cond-expr","locations":[{"start":{"line":66,"column":46},"end":{"line":66,"column":75}},{"start":{"line":66,"column":78},"end":{"line":66,"column":90}}],"line":66},"9":{"loc":{"start":{"line":74,"column":8},"end":{"line":74,"column":84}},"type":"if","locations":[{"start":{"line":74,"column":8},"end":{"line":74,"column":84}},{"start":{},"end":{}}],"line":74}},"s":{"0":19,"1":19,"2":19,"3":19,"4":19,"5":19,"6":19,"7":19,"8":19,"9":19,"10":17,"11":19,"12":15,"13":15,"14":15,"15":15,"16":15,"17":13,"18":65,"19":65,"20":65,"21":65,"22":65,"23":13,"24":13,"25":3,"26":1,"27":2,"28":2,"29":65,"30":65,"31":65,"32":65,"33":65,"34":2,"35":65,"36":19},"f":{"0":19,"1":65,"2":65,"3":65,"4":65},"b":{"0":[17,2],"1":[2,13],"2":[1,14],"3":[1,2],"4":[3,2],"5":[2,2],"6":[1,1],"7":[2,2],"8":[5,60],"9":[2,63]},"_coverageSchema":"1a1c01bbd47fc00a2c39e90264f33305004495a9","hash":"fa97c19a3616968842e4f7b3688abbb3f62f1f4b"}
}
