TN:
SF:src\indexAggregator.js
FN:30,startConvert
FN:35,(anonymous_1)
FN:37,(anonymous_2)
FN:58,setOptions
FN:59,(anonymous_4)
FNF:5
FNH:5
FNDA:19,startConvert
FNDA:17,(anonymous_1)
FNDA:23,(anonymous_2)
FNDA:19,setOptions
FNDA:59,(anonymous_4)
DA:3,19
DA:4,19
DA:5,19
DA:6,19
DA:7,19
DA:8,19
DA:9,19
DA:13,19
DA:15,19
DA:31,19
DA:32,16
DA:34,16
DA:35,17
DA:37,13
DA:38,23
DA:44,12
DA:45,12
DA:46,12
DA:48,5
DA:50,1
DA:52,4
DA:54,4
DA:59,19
DA:60,59
DA:62,56
DA:65,19
DA:66,16
DA:69,19
LF:28
LH:28
BRDA:35,0,0,10
BRDA:35,0,1,6
BRDA:38,1,0,12
BRDA:38,1,1,11
BRDA:44,2,0,5
BRDA:44,2,1,7
BRDA:48,3,0,1
BRDA:48,3,1,4
BRDA:48,4,0,5
BRDA:48,4,1,2
BRDA:48,5,0,5
BRDA:48,5,1,3
BRDA:50,6,0,2
BRDA:50,6,1,2
BRDA:52,7,0,1
BRDA:52,7,1,3
BRDA:52,8,0,4
BRDA:52,8,1,4
BRDA:60,9,0,3
BRDA:60,9,1,56
BRDA:60,10,0,59
BRDA:60,10,1,3
BRDA:60,11,0,59
BRDA:60,11,1,27
BRDA:65,12,0,1
BRDA:65,12,1,15
BRDA:65,13,0,19
BRDA:65,13,1,8
BRDA:65,13,2,2
BRDA:66,14,0,2
BRDA:66,14,1,14
BRF:31
BRH:31
end_of_record
TN:
SF:src\indexUrlReplacer.js
FN:31,startConvert
FN:41,(anonymous_1)
FN:65,urlReplacer
FN:70,updateCollection
FN:73,(anonymous_4)
FNF:5
FNH:5
FNDA:19,startConvert
FNDA:65,(anonymous_1)
FNDA:65,urlReplacer
FNDA:65,updateCollection
FNDA:65,(anonymous_4)
DA:3,19
DA:4,19
DA:5,19
DA:6,19
DA:7,19
DA:8,19
DA:9,19
DA:14,19
DA:16,19
DA:27,19
DA:28,17
DA:33,19
DA:35,15
DA:36,15
DA:37,15
DA:38,15
DA:39,15
DA:41,13
DA:43,65
DA:44,65
DA:45,65
DA:47,65
DA:50,65
DA:52,13
DA:53,13
DA:55,3
DA:57,1
DA:59,2
DA:61,2
DA:66,65
DA:71,65
DA:72,65
DA:73,65
DA:74,65
DA:76,65
DA:79,19
LF:36
LH:36
BRDA:27,0,0,17
BRDA:27,0,1,2
BRDA:33,1,0,2
BRDA:33,1,1,13
BRDA:37,2,0,1
BRDA:37,2,1,14
BRDA:55,3,0,1
BRDA:55,3,1,2
BRDA:55,4,0,3
BRDA:55,4,1,2
BRDA:57,5,0,2
BRDA:57,5,1,2
BRDA:59,6,0,1
BRDA:59,6,1,1
BRDA:59,7,0,2
BRDA:59,7,1,2
BRDA:66,8,0,5
BRDA:66,8,1,60
BRDA:74,9,0,2
BRDA:74,9,1,63
BRF:20
BRH:20
end_of_record
