TN:
SF:index.js
FN:22,startConvert
FN:26,(anonymous_1)
FN:49,urlReplacer
FN:53,updateCollection
FN:56,(anonymous_4)
FNF:5
FNH:5
FNDA:11,startConvert
FNDA:40,(anonymous_1)
FNDA:40,urlReplacer
FNDA:40,updateCollection
FNDA:40,(anonymous_4)
DA:3,15
DA:4,15
DA:5,15
DA:6,15
DA:10,15
DA:17,11
DA:18,11
DA:19,11
DA:23,11
DA:24,11
DA:26,10
DA:28,40
DA:29,40
DA:30,40
DA:32,40
DA:35,40
DA:38,10
DA:39,10
DA:40,10
DA:42,3
DA:43,1
DA:44,1
DA:50,40
DA:54,40
DA:55,40
DA:56,40
DA:57,40
DA:59,40
DA:62,11
LF:29
LH:29
BRDA:38,0,0,1
BRDA:38,0,1,9
BRDA:42,1,0,2
BRDA:42,1,1,1
BRDA:57,2,0,2
BRDA:57,2,1,38
BRF:6
BRH:6
end_of_record
